<?xml version="1.0" encoding="UTF-8"?>
<testng-results ignored="0" total="2" passed="1" failed="1" skipped="0">
  <reporter-output>
  </reporter-output>
  <suite started-at="2019-06-27T12:51:25Z" name="Surefire suite" finished-at="2019-06-27T12:52:18Z" duration-ms="53240">
    <groups>
      <group name="cucumber">
        <method signature="AbstractTestNGCucumberTests.runScenario(cucumber.api.testng.PickleEventWrapper, cucumber.api.testng.CucumberFeatureWrapper)[pri:0, instance:runners.RunCukesTest@78aab498]" name="runScenario" class="cucumber.api.testng.AbstractTestNGCucumberTests"/>
      </group> <!-- cucumber -->
    </groups>
    <test started-at="2019-06-27T12:51:25Z" name="Surefire test" finished-at="2019-06-27T12:52:18Z" duration-ms="53240">
      <class name="runners.RunCukesTest">
        <test-method is-config="true" signature="setUpClass()[pri:0, instance:runners.RunCukesTest@78aab498]" started-at="2019-06-27T12:51:25Z" name="setUpClass" finished-at="2019-06-27T12:51:27Z" duration-ms="1681" status="PASS">
          <reporter-output>
          </reporter-output>
        </test-method> <!-- setUpClass -->
        <test-method signature="runScenario(cucumber.api.testng.PickleEventWrapper, cucumber.api.testng.CucumberFeatureWrapper)[pri:0, instance:runners.RunCukesTest@78aab498]" started-at="2019-06-27T12:51:27Z" name="runScenario" description="Runs Cucumber Scenarios" data-provider="scenarios" finished-at="2019-06-27T12:51:53Z" duration-ms="26193" status="FAIL">
          <params>
            <param index="0">
              <value>
                <![CDATA["Register with valid email"]]>
              </value>
            </param>
            <param index="1">
              <value>
                <![CDATA["Registration"]]>
              </value>
            </param>
          </params>
          <exception class="java.lang.AssertionError">
            <message>
              <![CDATA[
Expecting:
 <"AUTHENTICATION">
to be equal to:
 <"Create an account">
ignoring case considerations]]>
            </message>
            <full-stacktrace>
              <![CDATA[java.lang.AssertionError: 
Expecting:
 <"AUTHENTICATION">
to be equal to:
 <"Create an account">
ignoring case considerations
at project.stepdefs.RegisterSteps.I_should_be_able_to_proceed_with_Registeration(RegisterSteps.java:41)
at âœ½.I should be able to proceed with Registeration: Create an account(src/main/resources/features/Register.feature:11)
]]>
            </full-stacktrace>
          </exception> <!-- java.lang.AssertionError -->
          <reporter-output>
          </reporter-output>
        </test-method> <!-- runScenario -->
        <test-method signature="runScenario(cucumber.api.testng.PickleEventWrapper, cucumber.api.testng.CucumberFeatureWrapper)[pri:0, instance:runners.RunCukesTest@78aab498]" started-at="2019-06-27T12:51:53Z" name="runScenario" description="Runs Cucumber Scenarios" data-provider="scenarios" finished-at="2019-06-27T12:52:15Z" duration-ms="21798" status="PASS">
          <params>
            <param index="0">
              <value>
                <![CDATA["Register with invalid email"]]>
              </value>
            </param>
            <param index="1">
              <value>
                <![CDATA["Registration"]]>
              </value>
            </param>
          </params>
          <reporter-output>
          </reporter-output>
        </test-method> <!-- runScenario -->
        <test-method is-config="true" signature="tearDownClass()[pri:0, instance:runners.RunCukesTest@78aab498]" started-at="2019-06-27T12:52:15Z" name="tearDownClass" finished-at="2019-06-27T12:52:18Z" duration-ms="3481" status="PASS">
          <reporter-output>
          </reporter-output>
        </test-method> <!-- tearDownClass -->
      </class> <!-- runners.RunCukesTest -->
    </test> <!-- Surefire test -->
  </suite> <!-- Surefire suite -->
</testng-results>
