<?xml version="1.0" encoding="UTF-8"?>
<!-- Generated by org.testng.reporters.JUnitXMLReporter -->
<testsuite ignored="0" hostname="DESKTOP-M9CE7PB" failures="1" tests="2" name="Surefire test" time="51.759" errors="0" timestamp="27 Jun 2019 12:48:52 GMT">
  <testcase classname="cucumber.api.testng.AbstractTestNGCucumberTests" name="runScenario" time="25.665"/>
  <testcase classname="cucumber.api.testng.AbstractTestNGCucumberTests" name="runScenario" time="20.828">
    <failure type="java.lang.AssertionError" message="
Expecting:
 &amp;lt;&amp;quot;Invalid email address.&amp;quot;&amp;gt;
to be equal to:
 &amp;lt;&amp;quot;Invalid email address&amp;quot;&amp;gt;
ignoring case considerations">
      <![CDATA[java.lang.AssertionError: 
Expecting:
 <"Invalid email address.">
to be equal to:
 <"Invalid email address">
ignoring case considerations
at project.stepdefs.RegisterSteps.I_should_see_error_message(RegisterSteps.java:56)
at âœ½.I should see error message: Invalid email address(src/main/resources/features/Register.feature:17)
]]>
    </failure>
  </testcase> <!-- runScenario -->
</testsuite> <!-- Surefire test -->
