{"name":"Register with valid email","status":"broken","statusDetails":{"known":false,"muted":false,"flaky":false,"message":"Could not convert arguments for step [^I enter all the mandatory information$] defined at 'project.stepdefs.RegisterSteps.I_Enter_My_Regular_Income_Sources(Transaction) in file:/C:/Users/gayat/eclipse-workspace/belong-test-exercise/target/classes/'.\nThe details are in the stacktrace below.","trace":"cucumber.runtime.CucumberException: Could not convert arguments for step [^I enter all the mandatory information$] defined at 'project.stepdefs.RegisterSteps.I_Enter_My_Regular_Income_Sources(Transaction) in file:/C:/Users/gayat/eclipse-workspace/belong-test-exercise/target/classes/'.\nThe details are in the stacktrace below.\r\n\tat cucumber.runner.PickleStepDefinitionMatch.couldNotConvertArguments(PickleStepDefinitionMatch.java:69)\r\n\tat cucumber.runner.PickleStepDefinitionMatch.runStep(PickleStepDefinitionMatch.java:46)\r\n\tat cucumber.runner.TestStep.executeStep(TestStep.java:63)\r\n\tat cucumber.runner.TestStep.run(TestStep.java:49)\r\n\tat cucumber.runner.PickleStepTestStep.run(PickleStepTestStep.java:43)\r\n\tat cucumber.runner.TestCase.run(TestCase.java:44)\r\n\tat cucumber.runner.Runner.runPickle(Runner.java:40)\r\n\tat cucumber.api.testng.TestNGCucumberRunner.runScenario(TestNGCucumberRunner.java:68)\r\n\tat cucumber.api.testng.AbstractTestNGCucumberTests.runScenario(AbstractTestNGCucumberTests.java:22)\r\n\tat java.base/jdk.internal.reflect.NativeMethodAccessorImpl.invoke0(Native Method)\r\n\tat java.base/jdk.internal.reflect.NativeMethodAccessorImpl.invoke(NativeMethodAccessorImpl.java:62)\r\n\tat java.base/jdk.internal.reflect.DelegatingMethodAccessorImpl.invoke(DelegatingMethodAccessorImpl.java:43)\r\n\tat java.base/java.lang.reflect.Method.invoke(Method.java:567)\r\n\tat org.testng.internal.MethodInvocationHelper.invokeMethod(MethodInvocationHelper.java:124)\r\n\tat org.testng.internal.Invoker.invokeMethod(Invoker.java:583)\r\n\tat org.testng.internal.Invoker.invokeTestMethod(Invoker.java:719)\r\n\tat org.testng.internal.Invoker.invokeTestMethods(Invoker.java:989)\r\n\tat org.testng.internal.TestMethodWorker.invokeTestMethods(TestMethodWorker.java:125)\r\n\tat org.testng.internal.TestMethodWorker.run(TestMethodWorker.java:109)\r\n\tat org.testng.TestRunner.privateRun(TestRunner.java:648)\r\n\tat org.testng.TestRunner.run(TestRunner.java:505)\r\n\tat org.testng.SuiteRunner.runTest(SuiteRunner.java:455)\r\n\tat org.testng.SuiteRunner.runSequentially(SuiteRunner.java:450)\r\n\tat org.testng.SuiteRunner.privateRun(SuiteRunner.java:415)\r\n\tat org.testng.SuiteRunner.run(SuiteRunner.java:364)\r\n\tat org.testng.SuiteRunnerWorker.runSuite(SuiteRunnerWorker.java:52)\r\n\tat org.testng.SuiteRunnerWorker.run(SuiteRunnerWorker.java:84)\r\n\tat org.testng.TestNG.runSuitesSequentially(TestNG.java:1208)\r\n\tat org.testng.TestNG.runSuitesLocally(TestNG.java:1137)\r\n\tat org.testng.TestNG.runSuites(TestNG.java:1049)\r\n\tat org.testng.TestNG.run(TestNG.java:1017)\r\n\tat org.apache.maven.surefire.testng.TestNGExecutor.run(TestNGExecutor.java:135)\r\n\tat org.apache.maven.surefire.testng.TestNGDirectoryTestSuite.executeSingleClass(TestNGDirectoryTestSuite.java:112)\r\n\tat org.apache.maven.surefire.testng.TestNGDirectoryTestSuite.execute(TestNGDirectoryTestSuite.java:99)\r\n\tat org.apache.maven.surefire.testng.TestNGProvider.invoke(TestNGProvider.java:146)\r\n\tat org.apache.maven.surefire.booter.ForkedBooter.invokeProviderInSameClassLoader(ForkedBooter.java:384)\r\n\tat org.apache.maven.surefire.booter.ForkedBooter.runSuitesInProcess(ForkedBooter.java:345)\r\n\tat org.apache.maven.surefire.booter.ForkedBooter.execute(ForkedBooter.java:126)\r\n\tat org.apache.maven.surefire.booter.ForkedBooter.main(ForkedBooter.java:418)\r\nCaused by: io.cucumber.datatable.CucumberDataTableException: 'project.dataobjects.Transaction' could not transform\r\n      | First name | Last name | Email                       | Password | First name | Last name | Address  | City  | State    | Zip/Postal Code | Country       | Mobile phone |\n      | G          | T         | gayathri.tiwari01@gmail.com | Gaya3    | G          | T         | Mumba St | Texas | Victoria | 30000           | United States | 04455667788  |\n\r\n\tat io.cucumber.datatable.DataTableType.transform(DataTableType.java:162)\r\n\tat io.cucumber.datatable.DataTableTypeRegistryTableConverter.convert(DataTableTypeRegistryTableConverter.java:53)\r\n\tat io.cucumber.datatable.DataTable.convert(DataTable.java:362)\r\n\tat io.cucumber.stepexpression.StepExpressionFactory$3.transform(StepExpressionFactory.java:73)\r\n\tat io.cucumber.stepexpression.DataTableArgument.getValue(DataTableArgument.java:19)\r\n\tat cucumber.runner.PickleStepDefinitionMatch.runStep(PickleStepDefinitionMatch.java:41)\r\n\t... 37 more\r\nCaused by: io.cucumber.datatable.CucumberDataTableException: Can't convert DataTable to Map<java.lang.String, java.lang.String>. Encountered duplicate key First name with values G and G\r\n\tat io.cucumber.datatable.CucumberDataTableException.cantConvertToMap(CucumberDataTableException.java:25)\r\n\tat io.cucumber.datatable.CucumberDataTableException.duplicateKeyException(CucumberDataTableException.java:30)\r\n\tat io.cucumber.datatable.DataTable.asMaps(DataTable.java:254)\r\n\tat project.datatables.Configurer$2.transform(Configurer.java:42)\r\n\tat project.datatables.Configurer$2.transform(Configurer.java:39)\r\n\tat io.cucumber.datatable.DataTableType$TableTransformerAdaptor.transform(DataTableType.java:294)\r\n\tat io.cucumber.datatable.DataTableType.transform(DataTableType.java:159)\r\n\t... 42 more\r\n"},"stage":"finished","description":"  As a user\n  I want to register myself to automation practice website\n  So that I can do online shopping","steps":[{"name":"Given  I am at the Authentication page","status":"passed","statusDetails":{"known":false,"muted":false,"flaky":false},"stage":"finished","steps":[],"attachments":[],"parameters":[],"start":1561461421661,"stop":1561461428704},{"name":"When  proceed with Create an account with a valid email address","status":"passed","statusDetails":{"known":false,"muted":false,"flaky":false},"stage":"finished","steps":[],"attachments":[],"parameters":[],"start":1561461429146,"stop":1561461429147},{"name":"And  I enter all the mandatory information","status":"broken","statusDetails":{"known":false,"muted":false,"flaky":false,"message":"Could not convert arguments for step [^I enter all the mandatory information$] defined at 'project.stepdefs.RegisterSteps.I_Enter_My_Regular_Income_Sources(Transaction) in file:/C:/Users/gayat/eclipse-workspace/belong-test-exercise/target/classes/'.\nThe details are in the stacktrace below.","trace":"cucumber.runtime.CucumberException: Could not convert arguments for step [^I enter all the mandatory information$] defined at 'project.stepdefs.RegisterSteps.I_Enter_My_Regular_Income_Sources(Transaction) in file:/C:/Users/gayat/eclipse-workspace/belong-test-exercise/target/classes/'.\nThe details are in the stacktrace below.\r\n\tat cucumber.runner.PickleStepDefinitionMatch.couldNotConvertArguments(PickleStepDefinitionMatch.java:69)\r\n\tat cucumber.runner.PickleStepDefinitionMatch.runStep(PickleStepDefinitionMatch.java:46)\r\n\tat cucumber.runner.TestStep.executeStep(TestStep.java:63)\r\n\tat cucumber.runner.TestStep.run(TestStep.java:49)\r\n\tat cucumber.runner.PickleStepTestStep.run(PickleStepTestStep.java:43)\r\n\tat cucumber.runner.TestCase.run(TestCase.java:44)\r\n\tat cucumber.runner.Runner.runPickle(Runner.java:40)\r\n\tat cucumber.api.testng.TestNGCucumberRunner.runScenario(TestNGCucumberRunner.java:68)\r\n\tat cucumber.api.testng.AbstractTestNGCucumberTests.runScenario(AbstractTestNGCucumberTests.java:22)\r\n\tat java.base/jdk.internal.reflect.NativeMethodAccessorImpl.invoke0(Native Method)\r\n\tat java.base/jdk.internal.reflect.NativeMethodAccessorImpl.invoke(NativeMethodAccessorImpl.java:62)\r\n\tat java.base/jdk.internal.reflect.DelegatingMethodAccessorImpl.invoke(DelegatingMethodAccessorImpl.java:43)\r\n\tat java.base/java.lang.reflect.Method.invoke(Method.java:567)\r\n\tat org.testng.internal.MethodInvocationHelper.invokeMethod(MethodInvocationHelper.java:124)\r\n\tat org.testng.internal.Invoker.invokeMethod(Invoker.java:583)\r\n\tat org.testng.internal.Invoker.invokeTestMethod(Invoker.java:719)\r\n\tat org.testng.internal.Invoker.invokeTestMethods(Invoker.java:989)\r\n\tat org.testng.internal.TestMethodWorker.invokeTestMethods(TestMethodWorker.java:125)\r\n\tat org.testng.internal.TestMethodWorker.run(TestMethodWorker.java:109)\r\n\tat org.testng.TestRunner.privateRun(TestRunner.java:648)\r\n\tat org.testng.TestRunner.run(TestRunner.java:505)\r\n\tat org.testng.SuiteRunner.runTest(SuiteRunner.java:455)\r\n\tat org.testng.SuiteRunner.runSequentially(SuiteRunner.java:450)\r\n\tat org.testng.SuiteRunner.privateRun(SuiteRunner.java:415)\r\n\tat org.testng.SuiteRunner.run(SuiteRunner.java:364)\r\n\tat org.testng.SuiteRunnerWorker.runSuite(SuiteRunnerWorker.java:52)\r\n\tat org.testng.SuiteRunnerWorker.run(SuiteRunnerWorker.java:84)\r\n\tat org.testng.TestNG.runSuitesSequentially(TestNG.java:1208)\r\n\tat org.testng.TestNG.runSuitesLocally(TestNG.java:1137)\r\n\tat org.testng.TestNG.runSuites(TestNG.java:1049)\r\n\tat org.testng.TestNG.run(TestNG.java:1017)\r\n\tat org.apache.maven.surefire.testng.TestNGExecutor.run(TestNGExecutor.java:135)\r\n\tat org.apache.maven.surefire.testng.TestNGDirectoryTestSuite.executeSingleClass(TestNGDirectoryTestSuite.java:112)\r\n\tat org.apache.maven.surefire.testng.TestNGDirectoryTestSuite.execute(TestNGDirectoryTestSuite.java:99)\r\n\tat org.apache.maven.surefire.testng.TestNGProvider.invoke(TestNGProvider.java:146)\r\n\tat org.apache.maven.surefire.booter.ForkedBooter.invokeProviderInSameClassLoader(ForkedBooter.java:384)\r\n\tat org.apache.maven.surefire.booter.ForkedBooter.runSuitesInProcess(ForkedBooter.java:345)\r\n\tat org.apache.maven.surefire.booter.ForkedBooter.execute(ForkedBooter.java:126)\r\n\tat org.apache.maven.surefire.booter.ForkedBooter.main(ForkedBooter.java:418)\r\nCaused by: io.cucumber.datatable.CucumberDataTableException: 'project.dataobjects.Transaction' could not transform\r\n      | First name | Last name | Email                       | Password | First name | Last name | Address  | City  | State    | Zip/Postal Code | Country       | Mobile phone |\n      | G          | T         | gayathri.tiwari01@gmail.com | Gaya3    | G          | T         | Mumba St | Texas | Victoria | 30000           | United States | 04455667788  |\n\r\n\tat io.cucumber.datatable.DataTableType.transform(DataTableType.java:162)\r\n\tat io.cucumber.datatable.DataTableTypeRegistryTableConverter.convert(DataTableTypeRegistryTableConverter.java:53)\r\n\tat io.cucumber.datatable.DataTable.convert(DataTable.java:362)\r\n\tat io.cucumber.stepexpression.StepExpressionFactory$3.transform(StepExpressionFactory.java:73)\r\n\tat io.cucumber.stepexpression.DataTableArgument.getValue(DataTableArgument.java:19)\r\n\tat cucumber.runner.PickleStepDefinitionMatch.runStep(PickleStepDefinitionMatch.java:41)\r\n\t... 37 more\r\nCaused by: io.cucumber.datatable.CucumberDataTableException: Can't convert DataTable to Map<java.lang.String, java.lang.String>. Encountered duplicate key First name with values G and G\r\n\tat io.cucumber.datatable.CucumberDataTableException.cantConvertToMap(CucumberDataTableException.java:25)\r\n\tat io.cucumber.datatable.CucumberDataTableException.duplicateKeyException(CucumberDataTableException.java:30)\r\n\tat io.cucumber.datatable.DataTable.asMaps(DataTable.java:254)\r\n\tat project.datatables.Configurer$2.transform(Configurer.java:42)\r\n\tat project.datatables.Configurer$2.transform(Configurer.java:39)\r\n\tat io.cucumber.datatable.DataTableType$TableTransformerAdaptor.transform(DataTableType.java:294)\r\n\tat io.cucumber.datatable.DataTableType.transform(DataTableType.java:159)\r\n\t... 42 more\r\n"},"stage":"finished","steps":[],"attachments":[{"name":"Data table","source":"e027fe39-01f3-439c-ada1-68958e08fd01-attachment.csv","type":"text/tab-separated-values"}],"parameters":[],"start":1561461429799,"stop":1561461429817},{"name":"Then  I should be able to Register successfully to My Account","status":"skipped","statusDetails":{"known":false,"muted":false,"flaky":false},"stage":"finished","steps":[],"attachments":[],"parameters":[],"start":1561461430309,"stop":1561461430309}],"attachments":[],"parameters":[],"start":1561461414295,"stop":1561461430981,"uuid":"834dfe7c-4585-47eb-965d-6c1d94888f45","historyId":"10e39251eb6fe8b76fdae1c5a9ce3f0","fullName":"Registration: Register with valid email","labels":[{"name":"tag","value":"register"},{"name":"tag","value":"pass"},{"name":"host","value":"DESKTOP-M9CE7PB"},{"name":"thread","value":"17372@DESKTOP-M9CE7PB.main(1)"},{"name":"feature","value":"Registration"},{"name":"story","value":"Register with valid email"},{"name":"package","value":"src.main.resources.features.Registration"},{"name":"suite","value":"Registration"},{"name":"testClass","value":"Register with valid email"},{"name":"framework","value":"cucumber4jvm"},{"name":"language","value":"java"},{"name":"gherkin_uri","value":"src/main/resources/features/Register.feature"}],"links":[]}