<?xml version="1.0" encoding="UTF-8"?>
<!-- Generated by org.testng.reporters.JUnitXMLReporter -->
<testsuite ignored="0" hostname="DESKTOP-M9CE7PB" failures="1" tests="1" name="Surefire test" time="22.815" errors="0" timestamp="27 Jun 2019 12:26:42 GMT">
  <testcase classname="cucumber.api.testng.AbstractTestNGCucumberTests" name="runScenario" time="19.497">
    <failure type="java.lang.AssertionError" message="
Expecting:
 &amp;lt;&amp;quot;AUTHENTICATION&amp;quot;&amp;gt;
to be equal to:
 &amp;lt;&amp;quot;Create an account&amp;quot;&amp;gt;
but was not.">
      <![CDATA[java.lang.AssertionError: 
Expecting:
 <"AUTHENTICATION">
to be equal to:
 <"Create an account">
but was not.
at project.stepdefs.RegisterSteps.I_should_be_able_to_proceed_with_Registeration(RegisterSteps.java:40)
at âœ½.I should be able to proceed with Registeration: Create an account(src/main/resources/features/Register.feature:11)
]]>
    </failure>
  </testcase> <!-- runScenario -->
</testsuite> <!-- Surefire test -->
