<?xml version="1.0" encoding="UTF-8"?>
<testng-results ignored="0" total="2" passed="1" failed="1" skipped="0">
  <reporter-output>
  </reporter-output>
  <suite started-at="2019-06-27T12:48:00Z" name="Surefire suite" finished-at="2019-06-27T12:48:52Z" duration-ms="51759">
    <groups>
      <group name="cucumber">
        <method signature="AbstractTestNGCucumberTests.runScenario(cucumber.api.testng.PickleEventWrapper, cucumber.api.testng.CucumberFeatureWrapper)[pri:0, instance:runners.RunCukesTest@78aab498]" name="runScenario" class="cucumber.api.testng.AbstractTestNGCucumberTests"/>
      </group> <!-- cucumber -->
    </groups>
    <test started-at="2019-06-27T12:48:00Z" name="Surefire test" finished-at="2019-06-27T12:48:52Z" duration-ms="51759">
      <class name="runners.RunCukesTest">
        <test-method is-config="true" signature="setUpClass()[pri:0, instance:runners.RunCukesTest@78aab498]" started-at="2019-06-27T12:48:00Z" name="setUpClass" finished-at="2019-06-27T12:48:02Z" duration-ms="1807" status="PASS">
          <reporter-output>
          </reporter-output>
        </test-method> <!-- setUpClass -->
        <test-method signature="runScenario(cucumber.api.testng.PickleEventWrapper, cucumber.api.testng.CucumberFeatureWrapper)[pri:0, instance:runners.RunCukesTest@78aab498]" started-at="2019-06-27T12:48:02Z" name="runScenario" description="Runs Cucumber Scenarios" data-provider="scenarios" finished-at="2019-06-27T12:48:28Z" duration-ms="25665" status="PASS">
          <params>
            <param index="0">
              <value>
                <![CDATA["Register with valid email"]]>
              </value>
            </param>
            <param index="1">
              <value>
                <![CDATA["Registration"]]>
              </value>
            </param>
          </params>
          <reporter-output>
          </reporter-output>
        </test-method> <!-- runScenario -->
        <test-method signature="runScenario(cucumber.api.testng.PickleEventWrapper, cucumber.api.testng.CucumberFeatureWrapper)[pri:0, instance:runners.RunCukesTest@78aab498]" started-at="2019-06-27T12:48:28Z" name="runScenario" description="Runs Cucumber Scenarios" data-provider="scenarios" finished-at="2019-06-27T12:48:49Z" duration-ms="20828" status="FAIL">
          <params>
            <param index="0">
              <value>
                <![CDATA["Register with invalid email"]]>
              </value>
            </param>
            <param index="1">
              <value>
                <![CDATA["Registration"]]>
              </value>
            </param>
          </params>
          <exception class="java.lang.AssertionError">
            <message>
              <![CDATA[
Expecting:
 <"Invalid email address.">
to be equal to:
 <"Invalid email address">
ignoring case considerations]]>
            </message>
            <full-stacktrace>
              <![CDATA[java.lang.AssertionError: 
Expecting:
 <"Invalid email address.">
to be equal to:
 <"Invalid email address">
ignoring case considerations
at project.stepdefs.RegisterSteps.I_should_see_error_message(RegisterSteps.java:56)
at âœ½.I should see error message: Invalid email address(src/main/resources/features/Register.feature:17)
]]>
            </full-stacktrace>
          </exception> <!-- java.lang.AssertionError -->
          <reporter-output>
          </reporter-output>
        </test-method> <!-- runScenario -->
        <test-method is-config="true" signature="tearDownClass()[pri:0, instance:runners.RunCukesTest@78aab498]" started-at="2019-06-27T12:48:49Z" name="tearDownClass" finished-at="2019-06-27T12:48:52Z" duration-ms="3335" status="PASS">
          <reporter-output>
          </reporter-output>
        </test-method> <!-- tearDownClass -->
      </class> <!-- runners.RunCukesTest -->
    </test> <!-- Surefire test -->
  </suite> <!-- Surefire suite -->
</testng-results>
