<?xml version="1.0" encoding="UTF-8"?>
<!-- Generated by org.testng.reporters.JUnitReportReporter -->
<testsuite hostname="DESKTOP-M9CE7PB" failures="1" tests="1" name="runners.RunCukesTest" time="19.497" errors="0" timestamp="27 Jun 2019 12:26:42 GMT" skipped="0">
  <testcase classname="runners.RunCukesTest" name="runScenario" time="19.497">
    <failure message="
Expecting:
 &lt;&quot;AUTHENTICATION&quot;&gt;
to be equal to:
 &lt;&quot;Create an account&quot;&gt;
but was not." type="java.lang.AssertionError">
      <![CDATA[java.lang.AssertionError: 
Expecting:
 <"AUTHENTICATION">
to be equal to:
 <"Create an account">
but was not.
at project.stepdefs.RegisterSteps.I_should_be_able_to_proceed_with_Registeration(RegisterSteps.java:40)
at âœ½.I should be able to proceed with Registeration: Create an account(src/main/resources/features/Register.feature:11)
]]>
    </failure>
  </testcase> <!-- runScenario -->
</testsuite> <!-- runners.RunCukesTest -->
